{"C:\\Users\\Dhruv\\OneDrive\\Documents\\Final Projects\\MelodyVerse\\backend\\server.js": {"path":"C:\\Users\\Dhruv\\OneDrive\\Documents\\Final Projects\\MelodyVerse\\backend\\server.js","statementMap":{"0":{"start":{"line":1,"column":16},"end":{"line":1,"column":34}},"1":{"start":{"line":2,"column":15},"end":{"line":2,"column":32}},"2":{"start":{"line":3,"column":13},"end":{"line":3,"column":28}},"3":{"start":{"line":4,"column":18},"end":{"line":4,"column":40}},"4":{"start":{"line":5,"column":19},"end":{"line":5,"column":43}},"5":{"start":{"line":8,"column":0},"end":{"line":8,"column":16}},"6":{"start":{"line":11,"column":12},"end":{"line":11,"column":21}},"7":{"start":{"line":14,"column":0},"end":{"line":14,"column":12}},"8":{"start":{"line":17,"column":0},"end":{"line":17,"column":16}},"9":{"start":{"line":18,"column":0},"end":{"line":18,"column":24}},"10":{"start":{"line":19,"column":0},"end":{"line":19,"column":48}},"11":{"start":{"line":22,"column":0},"end":{"line":22,"column":33}},"12":{"start":{"line":25,"column":0},"end":{"line":27,"column":3}},"13":{"start":{"line":26,"column":2},"end":{"line":26,"column":55}},"14":{"start":{"line":30,"column":0},"end":{"line":37,"column":3}},"15":{"start":{"line":31,"column":2},"end":{"line":31,"column":27}},"16":{"start":{"line":32,"column":2},"end":{"line":36,"column":5}},"17":{"start":{"line":40,"column":13},"end":{"line":40,"column":37}},"18":{"start":{"line":41,"column":15},"end":{"line":43,"column":2}},"19":{"start":{"line":42,"column":2},"end":{"line":42,"column":48}},"20":{"start":{"line":46,"column":0},"end":{"line":46,"column":21}}},"fnMap":{"0":{"name":"(anonymous_0)","decl":{"start":{"line":25,"column":13},"end":{"line":25,"column":14}},"loc":{"start":{"line":25,"column":27},"end":{"line":27,"column":1}},"line":25},"1":{"name":"(anonymous_1)","decl":{"start":{"line":30,"column":8},"end":{"line":30,"column":9}},"loc":{"start":{"line":30,"column":33},"end":{"line":37,"column":1}},"line":30},"2":{"name":"(anonymous_2)","decl":{"start":{"line":41,"column":32},"end":{"line":41,"column":33}},"loc":{"start":{"line":41,"column":38},"end":{"line":43,"column":1}},"line":41}},"branchMap":{"0":{"loc":{"start":{"line":35,"column":11},"end":{"line":35,"column":75}},"type":"cond-expr","locations":[{"start":{"line":35,"column":52},"end":{"line":35,"column":63}},{"start":{"line":35,"column":66},"end":{"line":35,"column":75}}],"line":35},"1":{"loc":{"start":{"line":40,"column":13},"end":{"line":40,"column":37}},"type":"binary-expr","locations":[{"start":{"line":40,"column":13},"end":{"line":40,"column":29}},{"start":{"line":40,"column":33},"end":{"line":40,"column":37}}],"line":40}},"s":{"0":1,"1":1,"2":1,"3":1,"4":1,"5":1,"6":1,"7":1,"8":1,"9":1,"10":1,"11":1,"12":1,"13":0,"14":1,"15":0,"16":0,"17":1,"18":1,"19":1,"20":1},"f":{"0":0,"1":0,"2":1},"b":{"0":[0,0],"1":[1,0]},"_coverageSchema":"1a1c01bbd47fc00a2c39e90264f33305004495a9","hash":"a7a14fe91482379180c4bb55e2ad0399779de43a"}
,"C:\\Users\\Dhruv\\OneDrive\\Documents\\Final Projects\\MelodyVerse\\backend\\config\\db.js": {"path":"C:\\Users\\Dhruv\\OneDrive\\Documents\\Final Projects\\MelodyVerse\\backend\\config\\db.js","statementMap":{"0":{"start":{"line":1,"column":17},"end":{"line":1,"column":36}},"1":{"start":{"line":3,"column":18},"end":{"line":15,"column":1}},"2":{"start":{"line":4,"column":2},"end":{"line":14,"column":3}},"3":{"start":{"line":5,"column":17},"end":{"line":8,"column":6}},"4":{"start":{"line":10,"column":4},"end":{"line":10,"column":62}},"5":{"start":{"line":12,"column":4},"end":{"line":12,"column":45}},"6":{"start":{"line":13,"column":4},"end":{"line":13,"column":20}},"7":{"start":{"line":17,"column":0},"end":{"line":17,"column":27}}},"fnMap":{"0":{"name":"(anonymous_0)","decl":{"start":{"line":3,"column":18},"end":{"line":3,"column":19}},"loc":{"start":{"line":3,"column":30},"end":{"line":15,"column":1}},"line":3}},"branchMap":{},"s":{"0":1,"1":1,"2":1,"3":1,"4":1,"5":0,"6":0,"7":1},"f":{"0":1},"b":{},"_coverageSchema":"1a1c01bbd47fc00a2c39e90264f33305004495a9","hash":"d5cf8cc9c5d267b494abd02401dc594c5576a4c9"}
,"C:\\Users\\Dhruv\\OneDrive\\Documents\\Final Projects\\MelodyVerse\\backend\\models\\User.js": {"path":"C:\\Users\\Dhruv\\OneDrive\\Documents\\Final Projects\\MelodyVerse\\backend\\models\\User.js","statementMap":{"0":{"start":{"line":1,"column":17},"end":{"line":1,"column":36}},"1":{"start":{"line":2,"column":15},"end":{"line":2,"column":32}},"2":{"start":{"line":4,"column":19},"end":{"line":38,"column":2}},"3":{"start":{"line":41,"column":0},"end":{"line":54,"column":3}},"4":{"start":{"line":43,"column":2},"end":{"line":45,"column":3}},"5":{"start":{"line":44,"column":4},"end":{"line":44,"column":18}},"6":{"start":{"line":47,"column":2},"end":{"line":53,"column":3}},"7":{"start":{"line":48,"column":17},"end":{"line":48,"column":41}},"8":{"start":{"line":49,"column":4},"end":{"line":49,"column":59}},"9":{"start":{"line":50,"column":4},"end":{"line":50,"column":11}},"10":{"start":{"line":52,"column":4},"end":{"line":52,"column":16}},"11":{"start":{"line":57,"column":0},"end":{"line":59,"column":2}},"12":{"start":{"line":58,"column":2},"end":{"line":58,"column":64}},"13":{"start":{"line":61,"column":0},"end":{"line":61,"column":52}}},"fnMap":{"0":{"name":"(anonymous_0)","decl":{"start":{"line":41,"column":23},"end":{"line":41,"column":24}},"loc":{"start":{"line":41,"column":44},"end":{"line":54,"column":1}},"line":41},"1":{"name":"(anonymous_1)","decl":{"start":{"line":57,"column":37},"end":{"line":57,"column":38}},"loc":{"start":{"line":57,"column":71},"end":{"line":59,"column":1}},"line":57}},"branchMap":{"0":{"loc":{"start":{"line":43,"column":2},"end":{"line":45,"column":3}},"type":"if","locations":[{"start":{"line":43,"column":2},"end":{"line":45,"column":3}},{"start":{},"end":{}}],"line":43}},"s":{"0":1,"1":1,"2":1,"3":1,"4":19,"5":4,"6":15,"7":15,"8":15,"9":15,"10":0,"11":1,"12":4,"13":1},"f":{"0":19,"1":4},"b":{"0":[4,15]},"_coverageSchema":"1a1c01bbd47fc00a2c39e90264f33305004495a9","hash":"08200a643713b33e160da697b803b95c6c540f1b"}
,"C:\\Users\\Dhruv\\OneDrive\\Documents\\Final Projects\\MelodyVerse\\backend\\routes\\auth.js": {"path":"C:\\Users\\Dhruv\\OneDrive\\Documents\\Final Projects\\MelodyVerse\\backend\\routes\\auth.js","statementMap":{"0":{"start":{"line":1,"column":16},"end":{"line":1,"column":34}},"1":{"start":{"line":2,"column":15},"end":{"line":2,"column":31}},"2":{"start":{"line":3,"column":35},"end":{"line":3,"column":63}},"3":{"start":{"line":4,"column":12},"end":{"line":4,"column":35}},"4":{"start":{"line":5,"column":15},"end":{"line":5,"column":32}},"5":{"start":{"line":6,"column":13},"end":{"line":6,"column":38}},"6":{"start":{"line":9,"column":25},"end":{"line":24,"column":1}},"7":{"start":{"line":26,"column":24},"end":{"line":34,"column":1}},"8":{"start":{"line":37,"column":22},"end":{"line":41,"column":1}},"9":{"start":{"line":38,"column":2},"end":{"line":40,"column":5}},"10":{"start":{"line":46,"column":0},"end":{"line":108,"column":3}},"11":{"start":{"line":47,"column":2},"end":{"line":107,"column":3}},"12":{"start":{"line":49,"column":19},"end":{"line":49,"column":40}},"13":{"start":{"line":50,"column":4},"end":{"line":56,"column":5}},"14":{"start":{"line":51,"column":6},"end":{"line":55,"column":9}},"15":{"start":{"line":58,"column":42},"end":{"line":58,"column":50}},"16":{"start":{"line":61,"column":25},"end":{"line":63,"column":6}},"17":{"start":{"line":65,"column":4},"end":{"line":72,"column":5}},"18":{"start":{"line":66,"column":6},"end":{"line":71,"column":9}},"19":{"start":{"line":75,"column":17},"end":{"line":79,"column":6}},"20":{"start":{"line":81,"column":4},"end":{"line":81,"column":22}},"21":{"start":{"line":84,"column":18},"end":{"line":84,"column":41}},"22":{"start":{"line":87,"column":4},"end":{"line":87,"column":53}},"23":{"start":{"line":89,"column":4},"end":{"line":98,"column":7}},"24":{"start":{"line":101,"column":4},"end":{"line":101,"column":42}},"25":{"start":{"line":102,"column":4},"end":{"line":106,"column":7}},"26":{"start":{"line":113,"column":0},"end":{"line":171,"column":3}},"27":{"start":{"line":114,"column":2},"end":{"line":170,"column":3}},"28":{"start":{"line":116,"column":19},"end":{"line":116,"column":40}},"29":{"start":{"line":117,"column":4},"end":{"line":123,"column":5}},"30":{"start":{"line":118,"column":6},"end":{"line":122,"column":9}},"31":{"start":{"line":125,"column":32},"end":{"line":125,"column":40}},"32":{"start":{"line":128,"column":17},"end":{"line":130,"column":6}},"33":{"start":{"line":132,"column":4},"end":{"line":137,"column":5}},"34":{"start":{"line":133,"column":6},"end":{"line":136,"column":9}},"35":{"start":{"line":140,"column":28},"end":{"line":140,"column":64}},"36":{"start":{"line":142,"column":4},"end":{"line":147,"column":5}},"37":{"start":{"line":143,"column":6},"end":{"line":146,"column":9}},"38":{"start":{"line":150,"column":18},"end":{"line":150,"column":41}},"39":{"start":{"line":152,"column":4},"end":{"line":161,"column":7}},"40":{"start":{"line":164,"column":4},"end":{"line":164,"column":41}},"41":{"start":{"line":165,"column":4},"end":{"line":169,"column":7}},"42":{"start":{"line":176,"column":0},"end":{"line":232,"column":3}},"43":{"start":{"line":179,"column":2},"end":{"line":231,"column":3}},"44":{"start":{"line":180,"column":19},"end":{"line":180,"column":40}},"45":{"start":{"line":181,"column":4},"end":{"line":187,"column":5}},"46":{"start":{"line":182,"column":6},"end":{"line":186,"column":9}},"47":{"start":{"line":189,"column":22},"end":{"line":189,"column":30}},"48":{"start":{"line":191,"column":17},"end":{"line":191,"column":46}},"49":{"start":{"line":193,"column":4},"end":{"line":198,"column":5}},"50":{"start":{"line":194,"column":6},"end":{"line":197,"column":9}},"51":{"start":{"line":201,"column":23},"end":{"line":201,"column":61}},"52":{"start":{"line":204,"column":4},"end":{"line":207,"column":21}},"53":{"start":{"line":209,"column":4},"end":{"line":209,"column":53}},"54":{"start":{"line":211,"column":4},"end":{"line":211,"column":22}},"55":{"start":{"line":214,"column":21},"end":{"line":214,"column":73}},"56":{"start":{"line":215,"column":4},"end":{"line":215,"column":60}},"57":{"start":{"line":216,"column":4},"end":{"line":216,"column":42}},"58":{"start":{"line":218,"column":4},"end":{"line":222,"column":7}},"59":{"start":{"line":225,"column":4},"end":{"line":225,"column":51}},"60":{"start":{"line":226,"column":4},"end":{"line":230,"column":7}},"61":{"start":{"line":237,"column":0},"end":{"line":292,"column":3}},"62":{"start":{"line":241,"column":2},"end":{"line":291,"column":3}},"63":{"start":{"line":242,"column":19},"end":{"line":242,"column":40}},"64":{"start":{"line":243,"column":4},"end":{"line":249,"column":5}},"65":{"start":{"line":244,"column":6},"end":{"line":248,"column":9}},"66":{"start":{"line":251,"column":32},"end":{"line":251,"column":40}},"67":{"start":{"line":254,"column":24},"end":{"line":257,"column":20}},"68":{"start":{"line":260,"column":17},"end":{"line":263,"column":6}},"69":{"start":{"line":265,"column":4},"end":{"line":270,"column":5}},"70":{"start":{"line":266,"column":6},"end":{"line":269,"column":9}},"71":{"start":{"line":273,"column":4},"end":{"line":273,"column":29}},"72":{"start":{"line":274,"column":4},"end":{"line":274,"column":35}},"73":{"start":{"line":275,"column":4},"end":{"line":275,"column":37}},"74":{"start":{"line":277,"column":4},"end":{"line":277,"column":22}},"75":{"start":{"line":279,"column":4},"end":{"line":282,"column":7}},"76":{"start":{"line":285,"column":4},"end":{"line":285,"column":50}},"77":{"start":{"line":286,"column":4},"end":{"line":290,"column":7}},"78":{"start":{"line":294,"column":0},"end":{"line":294,"column":24}}},"fnMap":{"0":{"name":"(anonymous_0)","decl":{"start":{"line":37,"column":22},"end":{"line":37,"column":23}},"loc":{"start":{"line":37,"column":34},"end":{"line":41,"column":1}},"line":37},"1":{"name":"(anonymous_1)","decl":{"start":{"line":46,"column":41},"end":{"line":46,"column":42}},"loc":{"start":{"line":46,"column":61},"end":{"line":108,"column":1}},"line":46},"2":{"name":"(anonymous_2)","decl":{"start":{"line":113,"column":39},"end":{"line":113,"column":40}},"loc":{"start":{"line":113,"column":59},"end":{"line":171,"column":1}},"line":113},"3":{"name":"(anonymous_3)","decl":{"start":{"line":178,"column":3},"end":{"line":178,"column":4}},"loc":{"start":{"line":178,"column":23},"end":{"line":232,"column":1}},"line":178},"4":{"name":"(anonymous_4)","decl":{"start":{"line":240,"column":3},"end":{"line":240,"column":4}},"loc":{"start":{"line":240,"column":23},"end":{"line":292,"column":1}},"line":240}},"branchMap":{"0":{"loc":{"start":{"line":50,"column":4},"end":{"line":56,"column":5}},"type":"if","locations":[{"start":{"line":50,"column":4},"end":{"line":56,"column":5}},{"start":{},"end":{}}],"line":50},"1":{"loc":{"start":{"line":65,"column":4},"end":{"line":72,"column":5}},"type":"if","locations":[{"start":{"line":65,"column":4},"end":{"line":72,"column":5}},{"start":{},"end":{}}],"line":65},"2":{"loc":{"start":{"line":68,"column":17},"end":{"line":70,"column":36}},"type":"cond-expr","locations":[{"start":{"line":69,"column":12},"end":{"line":69,"column":38}},{"start":{"line":70,"column":12},"end":{"line":70,"column":36}}],"line":68},"3":{"loc":{"start":{"line":117,"column":4},"end":{"line":123,"column":5}},"type":"if","locations":[{"start":{"line":117,"column":4},"end":{"line":123,"column":5}},{"start":{},"end":{}}],"line":117},"4":{"loc":{"start":{"line":132,"column":4},"end":{"line":137,"column":5}},"type":"if","locations":[{"start":{"line":132,"column":4},"end":{"line":137,"column":5}},{"start":{},"end":{}}],"line":132},"5":{"loc":{"start":{"line":142,"column":4},"end":{"line":147,"column":5}},"type":"if","locations":[{"start":{"line":142,"column":4},"end":{"line":147,"column":5}},{"start":{},"end":{}}],"line":142},"6":{"loc":{"start":{"line":181,"column":4},"end":{"line":187,"column":5}},"type":"if","locations":[{"start":{"line":181,"column":4},"end":{"line":187,"column":5}},{"start":{},"end":{}}],"line":181},"7":{"loc":{"start":{"line":193,"column":4},"end":{"line":198,"column":5}},"type":"if","locations":[{"start":{"line":193,"column":4},"end":{"line":198,"column":5}},{"start":{},"end":{}}],"line":193},"8":{"loc":{"start":{"line":243,"column":4},"end":{"line":249,"column":5}},"type":"if","locations":[{"start":{"line":243,"column":4},"end":{"line":249,"column":5}},{"start":{},"end":{}}],"line":243},"9":{"loc":{"start":{"line":265,"column":4},"end":{"line":270,"column":5}},"type":"if","locations":[{"start":{"line":265,"column":4},"end":{"line":270,"column":5}},{"start":{},"end":{}}],"line":265}},"s":{"0":1,"1":1,"2":1,"3":1,"4":1,"5":1,"6":1,"7":1,"8":1,"9":17,"10":1,"11":18,"12":18,"13":18,"14":2,"15":16,"16":16,"17":16,"18":2,"19":14,"20":14,"21":14,"22":14,"23":14,"24":0,"25":0,"26":1,"27":6,"28":6,"29":6,"30":1,"31":5,"32":5,"33":5,"34":1,"35":4,"36":4,"37":1,"38":3,"39":3,"40":0,"41":0,"42":1,"43":6,"44":6,"45":6,"46":1,"47":5,"48":5,"49":5,"50":1,"51":4,"52":4,"53":4,"54":4,"55":4,"56":4,"57":4,"58":4,"59":0,"60":0,"61":1,"62":3,"63":3,"64":3,"65":1,"66":2,"67":2,"68":2,"69":2,"70":1,"71":1,"72":1,"73":1,"74":1,"75":1,"76":0,"77":0,"78":1},"f":{"0":17,"1":18,"2":6,"3":6,"4":3},"b":{"0":[2,16],"1":[2,14],"2":[1,1],"3":[1,5],"4":[1,4],"5":[1,3],"6":[1,5],"7":[1,4],"8":[1,2],"9":[1,1]},"_coverageSchema":"1a1c01bbd47fc00a2c39e90264f33305004495a9","hash":"59811ff03daefd05ab240032db9875c233175c58"}
}
