TN:
SF:server.js
FN:25,(anonymous_0)
FN:30,(anonymous_1)
FN:41,(anonymous_2)
FNF:3
FNH:1
FNDA:0,(anonymous_0)
FNDA:0,(anonymous_1)
FNDA:1,(anonymous_2)
DA:1,1
DA:2,1
DA:3,1
DA:4,1
DA:5,1
DA:8,1
DA:11,1
DA:14,1
DA:17,1
DA:18,1
DA:19,1
DA:22,1
DA:25,1
DA:26,0
DA:30,1
DA:31,0
DA:32,0
DA:40,1
DA:41,1
DA:42,1
DA:46,1
LF:21
LH:18
BRDA:35,0,0,0
BRDA:35,0,1,0
BRDA:40,1,0,1
BRDA:40,1,1,0
BRF:4
BRH:1
end_of_record
TN:
SF:config\db.js
FN:3,(anonymous_0)
FNF:1
FNH:1
FNDA:1,(anonymous_0)
DA:1,1
DA:3,1
DA:4,1
DA:5,1
DA:10,1
DA:12,0
DA:13,0
DA:17,1
LF:8
LH:6
BRF:0
BRH:0
end_of_record
TN:
SF:models\User.js
FN:41,(anonymous_0)
FN:57,(anonymous_1)
FNF:2
FNH:2
FNDA:19,(anonymous_0)
FNDA:4,(anonymous_1)
DA:1,1
DA:2,1
DA:4,1
DA:41,1
DA:43,19
DA:44,4
DA:47,15
DA:48,15
DA:49,15
DA:50,15
DA:52,0
DA:57,1
DA:58,4
DA:61,1
LF:14
LH:13
BRDA:43,0,0,4
BRDA:43,0,1,15
BRF:2
BRH:2
end_of_record
TN:
SF:routes\auth.js
FN:37,(anonymous_0)
FN:46,(anonymous_1)
FN:113,(anonymous_2)
FN:178,(anonymous_3)
FN:240,(anonymous_4)
FNF:5
FNH:5
FNDA:17,(anonymous_0)
FNDA:18,(anonymous_1)
FNDA:6,(anonymous_2)
FNDA:6,(anonymous_3)
FNDA:3,(anonymous_4)
DA:1,1
DA:2,1
DA:3,1
DA:4,1
DA:5,1
DA:6,1
DA:9,1
DA:26,1
DA:37,1
DA:38,17
DA:46,1
DA:47,18
DA:49,18
DA:50,18
DA:51,2
DA:58,16
DA:61,16
DA:65,16
DA:66,2
DA:75,14
DA:81,14
DA:84,14
DA:87,14
DA:89,14
DA:101,0
DA:102,0
DA:113,1
DA:114,6
DA:116,6
DA:117,6
DA:118,1
DA:125,5
DA:128,5
DA:132,5
DA:133,1
DA:140,4
DA:142,4
DA:143,1
DA:150,3
DA:152,3
DA:164,0
DA:165,0
DA:176,1
DA:179,6
DA:180,6
DA:181,6
DA:182,1
DA:189,5
DA:191,5
DA:193,5
DA:194,1
DA:201,4
DA:204,4
DA:209,4
DA:211,4
DA:214,4
DA:215,4
DA:216,4
DA:218,4
DA:225,0
DA:226,0
DA:237,1
DA:241,3
DA:242,3
DA:243,3
DA:244,1
DA:251,2
DA:254,2
DA:260,2
DA:265,2
DA:266,1
DA:273,1
DA:274,1
DA:275,1
DA:277,1
DA:279,1
DA:285,0
DA:286,0
DA:294,1
LF:79
LH:71
BRDA:50,0,0,2
BRDA:50,0,1,16
BRDA:65,1,0,2
BRDA:65,1,1,14
BRDA:68,2,0,1
BRDA:68,2,1,1
BRDA:117,3,0,1
BRDA:117,3,1,5
BRDA:132,4,0,1
BRDA:132,4,1,4
BRDA:142,5,0,1
BRDA:142,5,1,3
BRDA:181,6,0,1
BRDA:181,6,1,5
BRDA:193,7,0,1
BRDA:193,7,1,4
BRDA:243,8,0,1
BRDA:243,8,1,2
BRDA:265,9,0,1
BRDA:265,9,1,1
BRF:20
BRH:20
end_of_record
